{"timestamp":"2025-10-22T21:43:24.083Z","type":"payment_check_error","ticketId":"1430672005492899971","coin":"BTC","expectedAmount":0.00010320693716988906,"error":"Failed to check payment status."}
{"timestamp":"2025-10-25T13:48:35.999Z","type":"payment_check_error","ticketId":"1431635478754627715","coin":"LTC","expectedAmount":0.010407595553334599,"error":"Unknown Channel"}
{"timestamp":"2025-10-25T13:49:35.957Z","type":"payment_check_error","ticketId":"1431635478754627715","coin":"LTC","expectedAmount":0.010407595553334599,"error":"Unknown Channel"}
{"timestamp":"2025-10-25T13:50:36.065Z","type":"payment_check_error","ticketId":"1431635478754627715","coin":"LTC","expectedAmount":0.010407595553334599,"error":"Unknown Channel"}
{"timestamp":"2025-10-25T13:51:35.966Z","type":"payment_check_error","ticketId":"1431635478754627715","coin":"LTC","expectedAmount":0.010407595553334599,"error":"Unknown Channel"}
{"timestamp":"2025-10-25T13:52:36.073Z","type":"payment_check_error","ticketId":"1431635478754627715","coin":"LTC","expectedAmount":0.010407595553334599,"error":"Unknown Channel"}
{"timestamp":"2025-10-25T13:53:36.076Z","type":"payment_check_error","ticketId":"1431635478754627715","coin":"LTC","expectedAmount":0.010407595553334599,"error":"Unknown Channel"}
{"timestamp":"2025-10-25T13:54:36.283Z","type":"payment_check_error","ticketId":"1431635478754627715","coin":"LTC","expectedAmount":0.010407595553334599,"error":"Unknown Channel"}
{"timestamp":"2025-10-25T13:55:36.086Z","type":"payment_check_error","ticketId":"1431635478754627715","coin":"LTC","expectedAmount":0.010407595553334599,"error":"Unknown Channel"}
{"timestamp":"2025-10-25T13:56:36.084Z","type":"payment_check_error","ticketId":"1431635478754627715","coin":"LTC","expectedAmount":0.010407595553334599,"error":"Unknown Channel"}
{"timestamp":"2025-10-26T19:02:15.464Z","type":"deposit_confirmed","ticketId":"1432079149601652798","coin":"LTC","amount":0.01008596,"txId":"Off-chain transfer 316202134802","buyer":"1428073280094470218","seller":"1377090183056330755","confirmations":"1/3","forcedByTimer":true}
{"timestamp":"2025-10-26T19:03:43.227Z","type":"withdrawal_error","coin":"LTC","amount":0.010085849363281546,"address":"LVnMJNKkJdEVwTA1KiV8oZrneDkVcSmQbN","error":"Withdrawal amount LTC must be an integer of 0.00000001."}
{"timestamp":"2025-10-26T22:36:52.841Z","type":"deposit_confirmed","ticketId":"1432133709695553576","coin":"LTC","amount":0.00999398,"txId":"Off-chain transfer 316246132183","buyer":"1428073280094470218","seller":"1377090183056330755","confirmations":"1/3","forcedByTimer":true}
{"timestamp":"2025-10-26T22:38:14.159Z","type":"withdrawal","coin":"LTC","amount":0.00999362,"address":"LVnMJNKkJdEVwTA1KiV8oZrneDkVcSmQbN","network":"LTC","withdrawId":"4096b663b40e435cbc13fee0e4d0a10b"}
{"timestamp":"2025-10-26T22:53:57.527Z","type":"deposit_confirmed","ticketId":"1432137945053139116","coin":"LTC","amount":0.01496616,"txId":"Off-chain transfer 316250361474","buyer":"1377090183056330755","seller":"1428073280094470218","confirmations":"1/3","forcedByTimer":true}
{"timestamp":"2025-10-26T22:59:04.864Z","type":"withdrawal","coin":"LTC","amount":0.009978,"address":"LhuT4yi9LnRfdQS4Lj6gRK4xLLaYQDwE11","network":"LTC","withdrawId":"3f0c44bd6ce84eb7a7c6dc99b9f79d76"}
{"timestamp":"2025-10-27T22:22:40.291Z","type":"deposit_confirmed","ticketId":"1432492664871325768","coin":"LTC","amount":0.00999678,"txId":"Off-chain transfer 316675704619","buyer":"1428073280094470218","seller":"1377090183056330755","confirmations":"1/3","forcedByTimer":true}
{"timestamp":"2025-10-27T22:23:59.650Z","type":"withdrawal","coin":"LTC","amount":0.00999645,"address":"LVnMJNKkJdEVwTA1KiV8oZrneDkVcSmQbN","network":"LTC","withdrawId":"21902a8331c6443792533f86e69449d5"}
{"timestamp":"2025-10-28T22:37:25.778Z","type":"deposit_confirmed","ticketId":"1432859673014304860","coin":"LTC","amount":0.00822589,"txId":"Off-chain transfer 317117159180","buyer":"1377090183056330755","seller":"1428073280094470218","confirmations":"1/3","forcedByTimer":true}
{"timestamp":"2025-10-28T22:38:34.890Z","type":"withdrawal","coin":"LTC","amount":0.00822582,"address":"LhuT4yi9LnRfdQS4Lj6gRK4xLLaYQDwE11","network":"LTC","withdrawId":"bd62e29e02ea4386998cb4a8513a4b2e"}
{"timestamp":"2025-10-28T22:50:43.063Z","type":"deposit_confirmed","ticketId":"1432862183225819207","coin":"LTC","amount":0.00514049,"txId":"Off-chain transfer 317119517171","buyer":"671421666957721604","seller":"1377090183056330755","confirmations":"1/3","forcedByTimer":true}
{"timestamp":"2025-10-28T23:17:04.222Z","type":"deposit_confirmed","ticketId":"1432868955529150655","coin":"BTC","amount":0.00000527,"txId":"Off-chain transfer 317124265855","buyer":"671421666957721604","seller":"1377090183056330755","confirmations":"1/1","forcedByTimer":true}
{"timestamp":"2025-10-28T23:21:49.201Z","type":"withdrawal_error","coin":"BTC","amount":0.00000499483303178799,"address":"1Drk6JzCNretvzYpNhTfjVpX7UF9mKwy8L","error":"Withdrawal amount must be greater than the transaction fee."}
